Determining if the pthread_create exist failed with the following output:
Change Dir: /home/gspringhart/springhart/MiVERSIONTPALGO2/TP1_Algo2/tp1_base/cmake-build-debug/CMakeFiles/CMakeTmp

Run Build Command:"/usr/bin/make" "cmTC_d7198/fast"
/usr/bin/make -f CMakeFiles/cmTC_d7198.dir/build.make CMakeFiles/cmTC_d7198.dir/build
make[1]: se entra en el directorio '/home/gspringhart/springhart/MiVERSIONTPALGO2/TP1_Algo2/tp1_base/cmake-build-debug/CMakeFiles/CMakeTmp'
Building C object CMakeFiles/cmTC_d7198.dir/CheckSymbolExists.c.o
/usr/bin/cc     -o CMakeFiles/cmTC_d7198.dir/CheckSymbolExists.c.o   -c /home/gspringhart/springhart/MiVERSIONTPALGO2/TP1_Algo2/tp1_base/cmake-build-debug/CMakeFiles/CMakeTmp/CheckSymbolExists.c
Linking C executable cmTC_d7198
/opt/clion-2017.1.3/bin/cmake/bin/cmake -E cmake_link_script CMakeFiles/cmTC_d7198.dir/link.txt --verbose=1
/usr/bin/cc       CMakeFiles/cmTC_d7198.dir/CheckSymbolExists.c.o  -o cmTC_d7198 -rdynamic 
CMakeFiles/cmTC_d7198.dir/CheckSymbolExists.c.o: En la función `main':
CheckSymbolExists.c:(.text+0x16): referencia a `pthread_create' sin definir
collect2: error: ld returned 1 exit status
CMakeFiles/cmTC_d7198.dir/build.make:97: fallo en las instrucciones para el objetivo 'cmTC_d7198'
make[1]: *** [cmTC_d7198] Error 1
make[1]: se sale del directorio '/home/gspringhart/springhart/MiVERSIONTPALGO2/TP1_Algo2/tp1_base/cmake-build-debug/CMakeFiles/CMakeTmp'
Makefile:126: fallo en las instrucciones para el objetivo 'cmTC_d7198/fast'
make: *** [cmTC_d7198/fast] Error 2

File /home/gspringhart/springhart/MiVERSIONTPALGO2/TP1_Algo2/tp1_base/cmake-build-debug/CMakeFiles/CMakeTmp/CheckSymbolExists.c:
/* */
#include <pthread.h>

int main(int argc, char** argv)
{
  (void)argv;
#ifndef pthread_create
  return ((int*)(&pthread_create))[argc];
#else
  (void)argc;
  return 0;
#endif
}

Determining if the function pthread_create exists in the pthreads failed with the following output:
Change Dir: /home/gspringhart/springhart/MiVERSIONTPALGO2/TP1_Algo2/tp1_base/cmake-build-debug/CMakeFiles/CMakeTmp

Run Build Command:"/usr/bin/make" "cmTC_a761d/fast"
/usr/bin/make -f CMakeFiles/cmTC_a761d.dir/build.make CMakeFiles/cmTC_a761d.dir/build
make[1]: se entra en el directorio '/home/gspringhart/springhart/MiVERSIONTPALGO2/TP1_Algo2/tp1_base/cmake-build-debug/CMakeFiles/CMakeTmp'
Building C object CMakeFiles/cmTC_a761d.dir/CheckFunctionExists.c.o
/usr/bin/cc    -DCHECK_FUNCTION_EXISTS=pthread_create   -o CMakeFiles/cmTC_a761d.dir/CheckFunctionExists.c.o   -c /opt/clion-2017.1.3/bin/cmake/share/cmake-3.7/Modules/CheckFunctionExists.c
Linking C executable cmTC_a761d
/opt/clion-2017.1.3/bin/cmake/bin/cmake -E cmake_link_script CMakeFiles/cmTC_a761d.dir/link.txt --verbose=1
/usr/bin/cc   -DCHECK_FUNCTION_EXISTS=pthread_create    CMakeFiles/cmTC_a761d.dir/CheckFunctionExists.c.o  -o cmTC_a761d -rdynamic -lpthreads 
/usr/bin/ld: no se puede encontrar -lpthreads
collect2: error: ld returned 1 exit status
CMakeFiles/cmTC_a761d.dir/build.make:97: fallo en las instrucciones para el objetivo 'cmTC_a761d'
make[1]: *** [cmTC_a761d] Error 1
make[1]: se sale del directorio '/home/gspringhart/springhart/MiVERSIONTPALGO2/TP1_Algo2/tp1_base/cmake-build-debug/CMakeFiles/CMakeTmp'
Makefile:126: fallo en las instrucciones para el objetivo 'cmTC_a761d/fast'
make: *** [cmTC_a761d/fast] Error 2


